2022-06-19 09:29:56.487  INFO 1328 --- [main] c.grpc.logger.LoggerServerApplication    : Starting LoggerServerApplication using Java 11.0.15 on DESKTOP-QMI7KEM with PID 1328 (D:\workspace\sts\Logger\logger-server\target\classes started by Arindam in D:\workspace\sts\Logger\logger-server)
2022-06-19 09:29:56.489  INFO 1328 --- [main] c.grpc.logger.LoggerServerApplication    : No active profile set, falling back to 1 default profile: "default"
2022-06-19 09:29:56.821  INFO 1328 --- [main] g.s.a.GrpcServerFactoryAutoConfiguration : Detected grpc-netty-shaded: Creating ShadedNettyGrpcServerFactory
2022-06-19 09:29:56.959  INFO 1328 --- [main] n.d.b.g.s.s.AbstractGrpcServerFactory    : Registered gRPC service: Logger, bean: loggerService, class: comm.grpc.logger.service.LoggerService
2022-06-19 09:29:56.959  INFO 1328 --- [main] n.d.b.g.s.s.AbstractGrpcServerFactory    : Registered gRPC service: grpc.health.v1.Health, bean: grpcHealthService, class: io.grpc.protobuf.services.HealthServiceImpl
2022-06-19 09:29:56.960  INFO 1328 --- [main] n.d.b.g.s.s.AbstractGrpcServerFactory    : Registered gRPC service: grpc.reflection.v1alpha.ServerReflection, bean: protoReflectionService, class: io.grpc.protobuf.services.ProtoReflectionService
2022-06-19 09:29:57.189  INFO 1328 --- [main] n.d.b.g.s.s.GrpcServerLifecycle          : gRPC Server started, listening on address: *, port: 9090
2022-06-19 09:29:57.197  INFO 1328 --- [main] c.grpc.logger.LoggerServerApplication    : Started LoggerServerApplication in 0.973 seconds (JVM running for 1.431)
2022-06-19 09:30:33.459  INFO 1328 --- [grpc-default-executor-0] comm.grpc.logger.service.LoggerService   : {"appName":"TestApp","className":"comm.grpc.logger.ExampleLog","methodName":"getEmp1","requestLogMessage":"[1]","responseLogMessage":"Arindam,Bose","logTime":"2022-06-19T09:30:32.834380400"}
2022-06-19 09:30:33.483  INFO 1328 --- [grpc-default-executor-0] comm.grpc.logger.service.LoggerService   : {"appName":"","className":"comm.grpc.logger.ExampleLog","methodName":"getEmp","requestLogMessage":"[arindam bose you are good]","responseLogMessage":"Arindam,Bose","logTime":"2022-06-19T09:30:33.477488200"}
2022-06-19 09:30:33.494  INFO 1328 --- [grpc-default-executor-0] comm.grpc.logger.service.LoggerService   : {"type":"INFO","requestLogMessage":"Arindam,Bose----\u003e","logTime":"2022-06-19T09:30:33.486463700"}
2022-06-19 09:30:53.896  INFO 1328 --- [grpc-default-executor-0] comm.grpc.logger.service.LoggerService   : {"appName":"TestApp","className":"comm.grpc.logger.ExampleLog","methodName":"getEmp1","requestLogMessage":"[1]","responseLogMessage":"Arindam,Bose","logTime":"2022-06-19T09:30:53.357794600"}
2022-06-19 09:30:53.912  INFO 1328 --- [grpc-default-executor-0] comm.grpc.logger.service.LoggerService   : {"appName":"","className":"comm.grpc.logger.ExampleLog","methodName":"getEmp","requestLogMessage":"[arindam bose you are good]","responseLogMessage":"Arindam,Bose","logTime":"2022-06-19T09:30:53.906155200"}
2022-06-19 09:30:53.920  INFO 1328 --- [grpc-default-executor-0] comm.grpc.logger.service.LoggerService   : {"type":"INFO","requestLogMessage":"Arindam,Bose----\u003e","logTime":"2022-06-19T09:30:53.914015600"}
2022-06-19 09:31:58.865  INFO 1328 --- [grpc-default-executor-1] comm.grpc.logger.service.LoggerService   : {"appName":"TestApp","className":"comm.grpc.logger.ExampleLog","methodName":"getEmp1","requestLogMessage":"[1]","responseLogMessage":"Arindam,Bose","logTime":"2022-06-19T09:31:58.316767"}
2022-06-19 09:31:58.881  INFO 1328 --- [grpc-default-executor-1] comm.grpc.logger.service.LoggerService   : {"appName":"","className":"comm.grpc.logger.ExampleLog","methodName":"getEmp","requestLogMessage":"[arindam bose you are good]","responseLogMessage":"Arindam,Bose","logTime":"2022-06-19T09:31:58.875232100"}
2022-06-19 09:31:58.890  INFO 1328 --- [grpc-default-executor-1] comm.grpc.logger.service.LoggerService   : {"type":"INFO","requestLogMessage":"Arindam,Bose----\u003e","logTime":"2022-06-19T09:31:58.883211"}
2022-06-19 09:32:22.812  INFO 1328 --- [grpc-default-executor-1] comm.grpc.logger.service.LoggerService   : {"appName":"TestApp","className":"comm.grpc.logger.ExampleLog","methodName":"getEmp1","requestLogMessage":"[1]","responseLogMessage":"Arindam,Bose","logTime":"2022-06-19T09:32:22.275992600"}
2022-06-19 09:32:22.828  INFO 1328 --- [grpc-default-executor-1] comm.grpc.logger.service.LoggerService   : {"appName":"","className":"comm.grpc.logger.ExampleLog","methodName":"getEmp","requestLogMessage":"[arindam bose you are good]","responseLogMessage":"Arindam,Bose","logTime":"2022-06-19T09:32:22.822925"}
2022-06-19 09:32:22.843  INFO 1328 --- [grpc-default-executor-1] comm.grpc.logger.service.LoggerService   : {"type":"INFO","requestLogMessage":"Arindam,Bose----\u003e","logTime":"2022-06-19T09:32:22.830635100"}
2022-06-19 11:36:39.097  INFO 1328 --- [grpc-default-executor-2] comm.grpc.logger.service.LoggerService   : {"appName":"TestApp","className":"comm.grpc.logger.ExampleLog","methodName":"getEmp1","requestLogMessage":"[1]","responseLogMessage":"Arindam,Bose","logTime":"2022-06-19T11:36:38.563321800"}
2022-06-19 11:36:39.113  INFO 1328 --- [grpc-default-executor-2] comm.grpc.logger.service.LoggerService   : {"appName":"","className":"comm.grpc.logger.ExampleLog","methodName":"getEmp","requestLogMessage":"[arindam bose you are good]","responseLogMessage":"Arindam,Bose","logTime":"2022-06-19T11:36:39.106340400"}
2022-06-19 11:36:39.120  INFO 1328 --- [grpc-default-executor-2] comm.grpc.logger.service.LoggerService   : {"type":"INFO","requestLogMessage":"Arindam,Bose----\u003e","logTime":"2022-06-19T11:36:39.114777900"}
2022-06-19 11:36:50.367  INFO 1328 --- [RMI TCP Connection(45)-127.0.0.1] inMXBeanRegistrar$SpringApplicationAdmin : Application shutdown requested.
2022-06-19 11:36:50.372  INFO 1328 --- [RMI TCP Connection(45)-127.0.0.1] n.d.b.g.s.s.GrpcServerLifecycle          : Completed gRPC server shutdown
